<?xml version="1.0" encoding="UTF-8"?>
<!-- Generated by org.testng.reporters.JUnitReportReporter -->
<testsuite hostname="MacBook-Air-Poorva.local" failures="0" tests="2" name="com.git.demo1.demo1" time="59.852" errors="0" timestamp="2022-09-29T14:03:46 EDT" skipped="0">
  <testcase classname="com.git.demo1.demo1" name="verifyTitleTest" time="26.293"/>
  <system-out/>
  <testcase classname="com.git.demo1.demo1" name="verifyIsImageDisplayedTest" time="33.559"/>
  <system-out/>
</testsuite> <!-- com.git.demo1.demo1 -->
